<?xml version="1.0" encoding="UTF-8"?>
<testsuite xmlns:xsi="http://www.w3.org/2001/XMLSchema-instance" xsi:noNamespaceSchemaLocation="https://maven.apache.org/surefire/maven-surefire-plugin/xsd/surefire-test-report-3.0.xsd" version="3.0" name="com.lic.Springbootinsurancemanagementplatform.SpringBootInsuranceManagementPlatformApplicationTests" time="6.684" tests="1" errors="0" skipped="0" failures="0">
  <properties>
[...]
</properties>
  <testcase name="contextLoads" classname="com.lic.Springbootinsurancemanagementplatform.SpringBootInsuranceManagementPlatformApplicationTests" time="0.677">
    <system-out><![CDATA[07:33:19.426 [main] INFO org.springframework.test.context.support.AnnotationConfigContextLoaderUtils -- Could not detect default configuration classes for test class [com.lic.Springbootinsurancemanagementplatform.SpringBootInsuranceManagementPlatformApplicationTests]: SpringBootInsuranceManagementPlatformApplicationTests does not declare any static, non-private, non-final, nested classes annotated with @Configuration.
07:33:19.619 [main] INFO org.springframework.boot.test.context.SpringBootTestContextBootstrapper -- Found @SpringBootConfiguration com.lic.Springbootinsurancemanagementplatform.SpringBootInsuranceManagementPlatformApplication for test class com.lic.Springbootinsurancemanagementplatform.SpringBootInsuranceManagementPlatformApplicationTests

  .   ____          _            __ _ _
 /\\ / ___'_ __ _ _(_)_ __  __ _ \ \ \ \
( ( )\___ | '_ | '_| | '_ \/ _` | \ \ \ \
 \\/  ___)| |_)| | | | | || (_| |  ) ) ) )
  '  |____| .__|_| |_|_| |_\__, | / / / /
 =========|_|==============|___/=/_/_/_/
 :: Spring Boot ::                (v3.1.2)

2024-06-05T07:33:20.310+01:00  INFO 10056 --- [           main] uranceManagementPlatformApplicationTests : Starting SpringBootInsuranceManagementPlatformApplicationTests using Java 19.0.1 with PID 10056 (started by foyal in C:\Users\foyal\Spring-Boot-Insurance-management-platform-mini-project\Spring-boot-insurance-management-platform)
2024-06-05T07:33:20.312+01:00  INFO 10056 --- [           main] uranceManagementPlatformApplicationTests : No active profile set, falling back to 1 default profile: "default"
2024-06-05T07:33:21.100+01:00  INFO 10056 --- [           main] .s.d.r.c.RepositoryConfigurationDelegate : Bootstrapping Spring Data JPA repositories in DEFAULT mode.
2024-06-05T07:33:21.178+01:00  INFO 10056 --- [           main] .s.d.r.c.RepositoryConfigurationDelegate : Finished Spring Data repository scanning in 64 ms. Found 3 JPA repository interfaces.
2024-06-05T07:33:21.754+01:00  INFO 10056 --- [           main] o.hibernate.jpa.internal.util.LogHelper  : HHH000204: Processing PersistenceUnitInfo [name: default]
2024-06-05T07:33:21.840+01:00  INFO 10056 --- [           main] org.hibernate.Version                    : HHH000412: Hibernate ORM core version 6.2.6.Final
2024-06-05T07:33:21.843+01:00  INFO 10056 --- [           main] org.hibernate.cfg.Environment            : HHH000406: Using bytecode reflection optimizer
2024-06-05T07:33:22.120+01:00  INFO 10056 --- [           main] o.h.b.i.BytecodeProviderInitiator        : HHH000021: Bytecode provider name : bytebuddy
2024-06-05T07:33:22.313+01:00  INFO 10056 --- [           main] o.s.o.j.p.SpringPersistenceUnitInfo      : No LoadTimeWeaver setup: ignoring JPA class transformer
2024-06-05T07:33:22.337+01:00  INFO 10056 --- [           main] com.zaxxer.hikari.HikariDataSource       : HikariPool-1 - Starting...
2024-06-05T07:33:22.665+01:00  INFO 10056 --- [           main] com.zaxxer.hikari.pool.HikariPool        : HikariPool-1 - Added connection org.postgresql.jdbc.PgConnection@46612bfc
2024-06-05T07:33:22.667+01:00  INFO 10056 --- [           main] com.zaxxer.hikari.HikariDataSource       : HikariPool-1 - Start completed.
2024-06-05T07:33:23.055+01:00  INFO 10056 --- [           main] o.h.b.i.BytecodeProviderInitiator        : HHH000021: Bytecode provider name : bytebuddy
2024-06-05T07:33:23.991+01:00  INFO 10056 --- [           main] o.h.e.t.j.p.i.JtaPlatformInitiator       : HHH000490: Using JtaPlatform implementation: [org.hibernate.engine.transaction.jta.platform.internal.NoJtaPlatform]
2024-06-05T07:33:24.165+01:00  INFO 10056 --- [           main] j.LocalContainerEntityManagerFactoryBean : Initialized JPA EntityManagerFactory for persistence unit 'default'
2024-06-05T07:33:24.713+01:00  WARN 10056 --- [           main] JpaBaseConfiguration$JpaWebConfiguration : spring.jpa.open-in-view is enabled by default. Therefore, database queries may be performed during view rendering. Explicitly configure spring.jpa.open-in-view to disable this warning
2024-06-05T07:33:25.096+01:00  INFO 10056 --- [           main] uranceManagementPlatformApplicationTests : Started SpringBootInsuranceManagementPlatformApplicationTests in 5.198 seconds (process running for 6.746)
]]></system-out>
  </testcase>
</testsuite>